Jan 16, 2014 12:02:07 AM org.apache.catalina.core.ApplicationContext log
INFO: SessionListener: sessionDestroyed('D7678EDC105018C88AFAFD4250578A45')
Jan 16, 2014 12:30:26 AM org.apache.catalina.core.ApplicationContext log
INFO: ContextListener: contextInitialized()
Jan 16, 2014 12:30:26 AM org.apache.catalina.core.ApplicationContext log
INFO: SessionListener: contextInitialized()
Jan 16, 2014 12:30:26 AM org.apache.catalina.core.ApplicationContext log
INFO: ContextListener: attributeAdded('org.apache.jasper.compiler.TldLocationsCache', 'org.apache.jasper.compiler.TldLocationsCache@1b4be95')
Jan 16, 2014 12:43:27 AM org.apache.catalina.core.ApplicationContext log
INFO: ContextListener: contextInitialized()
Jan 16, 2014 12:43:27 AM org.apache.catalina.core.ApplicationContext log
INFO: SessionListener: contextInitialized()
Jan 16, 2014 12:43:27 AM org.apache.catalina.core.ApplicationContext log
INFO: ContextListener: attributeAdded('org.apache.jasper.compiler.TldLocationsCache', 'org.apache.jasper.compiler.TldLocationsCache@c8b4c0')
Jan 16, 2014 12:44:34 AM org.apache.catalina.core.ApplicationContext log
INFO: ContextListener: contextInitialized()
Jan 16, 2014 12:44:34 AM org.apache.catalina.core.ApplicationContext log
INFO: SessionListener: contextInitialized()
Jan 16, 2014 12:44:34 AM org.apache.catalina.core.ApplicationContext log
INFO: ContextListener: attributeAdded('org.apache.jasper.compiler.TldLocationsCache', 'org.apache.jasper.compiler.TldLocationsCache@d851e')
Jan 16, 2014 12:44:47 AM org.apache.catalina.core.ApplicationContext log
INFO: ContextListener: attributeAdded('org.apache.jasper.runtime.JspApplicationContextImpl', 'org.apache.jasper.runtime.JspApplicationContextImpl@1f74155')
Jan 16, 2014 12:44:47 AM org.apache.catalina.core.ApplicationContext log
INFO: ContextListener: attributeAdded('org.apache.jasper.compiler.ELInterpreter', 'org.apache.jasper.compiler.ELInterpreterFactory$DefaultELInterpreter@7b8407')
Jan 16, 2014 12:44:48 AM org.apache.catalina.core.ApplicationContext log
INFO: SessionListener: sessionCreated('828FC024BC7BFC7BC9042EE4FE31F8D3')
Jan 16, 2014 12:45:52 AM org.apache.catalina.core.ApplicationContext log
INFO: Initializing Spring FrameworkServlet 'spring'
Jan 16, 2014 12:47:00 AM org.apache.catalina.core.ApplicationContext log
INFO: Initializing Spring FrameworkServlet 'spring'
Jan 16, 2014 12:47:04 AM org.apache.catalina.core.ApplicationContext log
INFO: ContextListener: contextInitialized()
Jan 16, 2014 12:47:04 AM org.apache.catalina.core.ApplicationContext log
INFO: SessionListener: contextInitialized()
Jan 16, 2014 12:47:04 AM org.apache.catalina.core.ApplicationContext log
INFO: ContextListener: attributeAdded('org.apache.jasper.compiler.TldLocationsCache', 'org.apache.jasper.compiler.TldLocationsCache@6d3242')
